<?xml version="1.0" encoding="UTF-8"?>
<testsuite xmlns:xsi="http://www.w3.org/2001/XMLSchema-instance" xsi:noNamespaceSchemaLocation="https://maven.apache.org/surefire/maven-surefire-plugin/xsd/surefire-test-report.xsd" name="TestSuite" time="16.846" tests="23" errors="0" skipped="0" failures="0">
  <properties>
[...]
</properties>
  <testcase name="googleTitleTest" classname="com.test.GoogleTest" time="0.008"/>
  <testcase name="googleLogoTest" classname="com.test.GoogleTest" time="0.069"/>
  <testcase name="mailLinkTest" classname="com.test.GoogleTest" time="0.048"/>
  <testcase name="test1" classname="com.test.GoogleTest" time="0"/>
  <testcase name="test2" classname="com.test.GoogleTest" time="0"/>
  <testcase name="test3" classname="com.test.GoogleTest" time="0"/>
  <testcase name="googleTitleTest" classname="com.test.GoogleTitleTest" time="0.009"/>
  <testcase name="googleLogoTest" classname="com.test.GoogleTitleTest" time="0.121"/>
  <testcase name="test1" classname="com.test.ExceptionTimeOutTest" time="0"/>
  <testcase name="sum" classname="com.test.InvocationCountTest" time="0"/>
  <testcase name="sum" classname="com.test.InvocationCountTest" time="0.001"/>
  <testcase name="sum" classname="com.test.InvocationCountTest" time="0"/>
  <testcase name="sum" classname="com.test.InvocationCountTest" time="0"/>
  <testcase name="sum" classname="com.test.InvocationCountTest" time="0"/>
  <testcase name="sum" classname="com.test.InvocationCountTest" time="0.001"/>
  <testcase name="sum" classname="com.test.InvocationCountTest" time="0"/>
  <testcase name="sum" classname="com.test.InvocationCountTest" time="0"/>
  <testcase name="sum" classname="com.test.InvocationCountTest" time="0"/>
  <testcase name="sum" classname="com.test.InvocationCountTest" time="0"/>
  <testcase name="googleTitleTest" classname="com.test.TestNGBasics" time="0.001"/>
  <testcase name="searchTest" classname="com.test.TestNGBasics" time="0"/>
  <testcase name="loginTest" classname="com.test.TestNGFeatures" time="0"/>
  <testcase name="homePageTest" classname="com.test.TestNGFeatures" time="0"/>
</testsuite>