<?xml version="1.0" encoding="UTF-8"?>
<testng-results skipped="0" failed="0" ignored="0" total="23" passed="23">
  <reporter-output>
  </reporter-output>
  <suite name="TestNG Test Automation Suite" duration-ms="16408" started-at="2022-05-20T16:19:27 CDT" finished-at="2022-05-20T16:19:43 CDT">
    <groups>
      <group name="Mail">
        <method signature="GoogleTest.mailLinkTest()[pri:3, instance:com.test.GoogleTest@91161c7]" name="mailLinkTest" class="com.test.GoogleTest"/>
      </group> <!-- Mail -->
      <group name="Test">
        <method signature="GoogleTest.test1()[pri:4, instance:com.test.GoogleTest@91161c7]" name="test1" class="com.test.GoogleTest"/>
        <method signature="GoogleTest.test2()[pri:5, instance:com.test.GoogleTest@91161c7]" name="test2" class="com.test.GoogleTest"/>
        <method signature="GoogleTest.test3()[pri:6, instance:com.test.GoogleTest@91161c7]" name="test3" class="com.test.GoogleTest"/>
      </group> <!-- Test -->
      <group name="Title">
        <method signature="GoogleTest.googleTitleTest()[pri:1, instance:com.test.GoogleTest@91161c7]" name="googleTitleTest" class="com.test.GoogleTest"/>
      </group> <!-- Title -->
      <group name="Logo">
        <method signature="GoogleTest.googleLogoTest()[pri:2, instance:com.test.GoogleTest@91161c7]" name="googleLogoTest" class="com.test.GoogleTest"/>
        <method signature="GoogleTitleTest.googleLogoTest()[pri:2, instance:com.test.GoogleTitleTest@5700d6b1]" name="googleLogoTest" class="com.test.GoogleTitleTest"/>
      </group> <!-- Logo -->
    </groups>
    <test name="Test Basics 1" duration-ms="16408" started-at="2022-05-20T16:19:27 CDT" finished-at="2022-05-20T16:19:43 CDT">
      <class name="com.test.TestNGBasics">
        <test-method status="PASS" signature="setUp()[pri:0, instance:com.test.TestNGBasics@6e06451e]" name="setUp" is-config="true" duration-ms="7" started-at="2022-05-20T16:19:27 CDT" finished-at="2022-05-20T16:19:27 CDT">
          <reporter-output>
          </reporter-output>
        </test-method> <!-- setUp -->
        <test-method status="PASS" signature="login()[pri:0, instance:com.test.TestNGBasics@6e06451e]" name="login" is-config="true" duration-ms="0" started-at="2022-05-20T16:19:27 CDT" finished-at="2022-05-20T16:19:27 CDT">
          <reporter-output>
          </reporter-output>
        </test-method> <!-- login -->
        <test-method status="PASS" signature="launchBrowser()[pri:0, instance:com.test.TestNGBasics@6e06451e]" name="launchBrowser" is-config="true" duration-ms="1" started-at="2022-05-20T16:19:43 CDT" finished-at="2022-05-20T16:19:43 CDT">
          <reporter-output>
          </reporter-output>
        </test-method> <!-- launchBrowser -->
        <test-method status="PASS" signature="enterURL()[pri:0, instance:com.test.TestNGBasics@6e06451e]" name="enterURL" is-config="true" duration-ms="0" started-at="2022-05-20T16:19:43 CDT" finished-at="2022-05-20T16:19:43 CDT">
          <reporter-output>
          </reporter-output>
        </test-method> <!-- enterURL -->
        <test-method status="PASS" signature="googleTitleTest()[pri:0, instance:com.test.TestNGBasics@6e06451e]" name="googleTitleTest" duration-ms="0" started-at="2022-05-20T16:19:43 CDT" finished-at="2022-05-20T16:19:43 CDT">
          <reporter-output>
          </reporter-output>
        </test-method> <!-- googleTitleTest -->
        <test-method status="PASS" signature="searchTest()[pri:0, instance:com.test.TestNGBasics@6e06451e]" name="searchTest" duration-ms="1" started-at="2022-05-20T16:19:43 CDT" finished-at="2022-05-20T16:19:43 CDT">
          <reporter-output>
          </reporter-output>
        </test-method> <!-- searchTest -->
        <test-method status="PASS" signature="enterURL()[pri:0, instance:com.test.TestNGBasics@6e06451e]" name="enterURL" is-config="true" duration-ms="0" started-at="2022-05-20T16:19:43 CDT" finished-at="2022-05-20T16:19:43 CDT">
          <reporter-output>
          </reporter-output>
        </test-method> <!-- enterURL -->
        <test-method status="PASS" signature="logOut()[pri:0, instance:com.test.TestNGBasics@6e06451e]" name="logOut" is-config="true" duration-ms="0" started-at="2022-05-20T16:19:43 CDT" finished-at="2022-05-20T16:19:43 CDT">
          <reporter-output>
          </reporter-output>
        </test-method> <!-- logOut -->
        <test-method status="PASS" signature="closeBrowser()[pri:0, instance:com.test.TestNGBasics@6e06451e]" name="closeBrowser" is-config="true" duration-ms="0" started-at="2022-05-20T16:19:43 CDT" finished-at="2022-05-20T16:19:43 CDT">
          <reporter-output>
          </reporter-output>
        </test-method> <!-- closeBrowser -->
        <test-method status="PASS" signature="logOut()[pri:0, instance:com.test.TestNGBasics@6e06451e]" name="logOut" is-config="true" duration-ms="0" started-at="2022-05-20T16:19:43 CDT" finished-at="2022-05-20T16:19:43 CDT">
          <reporter-output>
          </reporter-output>
        </test-method> <!-- logOut -->
        <test-method status="PASS" signature="deleteAllCookies()[pri:0, instance:com.test.TestNGBasics@6e06451e]" name="deleteAllCookies" is-config="true" duration-ms="0" started-at="2022-05-20T16:19:43 CDT" finished-at="2022-05-20T16:19:43 CDT">
          <reporter-output>
          </reporter-output>
        </test-method> <!-- deleteAllCookies -->
        <test-method status="PASS" signature="generateTestReport()[pri:0, instance:com.test.TestNGBasics@6e06451e]" name="generateTestReport" is-config="true" duration-ms="1" started-at="2022-05-20T16:19:43 CDT" finished-at="2022-05-20T16:19:43 CDT">
          <reporter-output>
          </reporter-output>
        </test-method> <!-- generateTestReport -->
      </class> <!-- com.test.TestNGBasics -->
      <class name="com.test.GoogleTest">
        <test-method status="PASS" signature="setUp()[pri:0, instance:com.test.GoogleTest@91161c7]" name="setUp" is-config="true" duration-ms="2306" started-at="2022-05-20T16:19:27 CDT" finished-at="2022-05-20T16:19:29 CDT">
          <reporter-output>
          </reporter-output>
        </test-method> <!-- setUp -->
        <test-method status="PASS" signature="googleTitleTest()[pri:1, instance:com.test.GoogleTest@91161c7]" name="googleTitleTest" duration-ms="8" started-at="2022-05-20T16:19:29 CDT" finished-at="2022-05-20T16:19:29 CDT">
          <reporter-output>
          </reporter-output>
        </test-method> <!-- googleTitleTest -->
        <test-method status="PASS" signature="tearDown()[pri:0, instance:com.test.GoogleTest@91161c7]" name="tearDown" is-config="true" duration-ms="70" started-at="2022-05-20T16:19:29 CDT" finished-at="2022-05-20T16:19:29 CDT">
          <reporter-output>
          </reporter-output>
        </test-method> <!-- tearDown -->
        <test-method status="PASS" signature="setUp()[pri:0, instance:com.test.GoogleTest@91161c7]" name="setUp" is-config="true" duration-ms="1895" started-at="2022-05-20T16:19:29 CDT" finished-at="2022-05-20T16:19:31 CDT">
          <reporter-output>
          </reporter-output>
        </test-method> <!-- setUp -->
        <test-method status="PASS" signature="googleLogoTest()[pri:2, instance:com.test.GoogleTest@91161c7]" name="googleLogoTest" duration-ms="70" started-at="2022-05-20T16:19:31 CDT" finished-at="2022-05-20T16:19:31 CDT">
          <reporter-output>
          </reporter-output>
        </test-method> <!-- googleLogoTest -->
        <test-method status="PASS" signature="tearDown()[pri:0, instance:com.test.GoogleTest@91161c7]" name="tearDown" is-config="true" duration-ms="70" started-at="2022-05-20T16:19:31 CDT" finished-at="2022-05-20T16:19:31 CDT">
          <reporter-output>
          </reporter-output>
        </test-method> <!-- tearDown -->
        <test-method status="PASS" signature="setUp()[pri:0, instance:com.test.GoogleTest@91161c7]" name="setUp" is-config="true" duration-ms="1743" started-at="2022-05-20T16:19:31 CDT" finished-at="2022-05-20T16:19:33 CDT">
          <reporter-output>
          </reporter-output>
        </test-method> <!-- setUp -->
        <test-method status="PASS" signature="mailLinkTest()[pri:3, instance:com.test.GoogleTest@91161c7]" name="mailLinkTest" duration-ms="47" started-at="2022-05-20T16:19:33 CDT" finished-at="2022-05-20T16:19:33 CDT">
          <reporter-output>
          </reporter-output>
        </test-method> <!-- mailLinkTest -->
        <test-method status="PASS" signature="tearDown()[pri:0, instance:com.test.GoogleTest@91161c7]" name="tearDown" is-config="true" duration-ms="72" started-at="2022-05-20T16:19:33 CDT" finished-at="2022-05-20T16:19:33 CDT">
          <reporter-output>
          </reporter-output>
        </test-method> <!-- tearDown -->
        <test-method status="PASS" signature="setUp()[pri:0, instance:com.test.GoogleTest@91161c7]" name="setUp" is-config="true" duration-ms="1697" started-at="2022-05-20T16:19:33 CDT" finished-at="2022-05-20T16:19:35 CDT">
          <reporter-output>
          </reporter-output>
        </test-method> <!-- setUp -->
        <test-method status="PASS" signature="tearDown()[pri:0, instance:com.test.GoogleTest@91161c7]" name="tearDown" is-config="true" duration-ms="76" started-at="2022-05-20T16:19:35 CDT" finished-at="2022-05-20T16:19:35 CDT">
          <reporter-output>
          </reporter-output>
        </test-method> <!-- tearDown -->
        <test-method status="PASS" signature="test1()[pri:4, instance:com.test.GoogleTest@91161c7]" name="test1" duration-ms="0" started-at="2022-05-20T16:19:35 CDT" finished-at="2022-05-20T16:19:35 CDT">
          <reporter-output>
          </reporter-output>
        </test-method> <!-- test1 -->
        <test-method status="PASS" signature="setUp()[pri:0, instance:com.test.GoogleTest@91161c7]" name="setUp" is-config="true" duration-ms="1747" started-at="2022-05-20T16:19:35 CDT" finished-at="2022-05-20T16:19:36 CDT">
          <reporter-output>
          </reporter-output>
        </test-method> <!-- setUp -->
        <test-method status="PASS" signature="tearDown()[pri:0, instance:com.test.GoogleTest@91161c7]" name="tearDown" is-config="true" duration-ms="70" started-at="2022-05-20T16:19:36 CDT" finished-at="2022-05-20T16:19:36 CDT">
          <reporter-output>
          </reporter-output>
        </test-method> <!-- tearDown -->
        <test-method status="PASS" signature="test2()[pri:5, instance:com.test.GoogleTest@91161c7]" name="test2" duration-ms="0" started-at="2022-05-20T16:19:36 CDT" finished-at="2022-05-20T16:19:36 CDT">
          <reporter-output>
          </reporter-output>
        </test-method> <!-- test2 -->
        <test-method status="PASS" signature="setUp()[pri:0, instance:com.test.GoogleTest@91161c7]" name="setUp" is-config="true" duration-ms="2602" started-at="2022-05-20T16:19:36 CDT" finished-at="2022-05-20T16:19:39 CDT">
          <reporter-output>
          </reporter-output>
        </test-method> <!-- setUp -->
        <test-method status="PASS" signature="test3()[pri:6, instance:com.test.GoogleTest@91161c7]" name="test3" duration-ms="1" started-at="2022-05-20T16:19:39 CDT" finished-at="2022-05-20T16:19:39 CDT">
          <reporter-output>
          </reporter-output>
        </test-method> <!-- test3 -->
        <test-method status="PASS" signature="tearDown()[pri:0, instance:com.test.GoogleTest@91161c7]" name="tearDown" is-config="true" duration-ms="88" started-at="2022-05-20T16:19:39 CDT" finished-at="2022-05-20T16:19:39 CDT">
          <reporter-output>
          </reporter-output>
        </test-method> <!-- tearDown -->
      </class> <!-- com.test.GoogleTest -->
      <class name="com.test.GoogleTitleTest">
        <test-method status="PASS" signature="setUp()[pri:0, instance:com.test.GoogleTitleTest@5700d6b1]" name="setUp" is-config="true" duration-ms="1751" started-at="2022-05-20T16:19:39 CDT" finished-at="2022-05-20T16:19:41 CDT">
          <reporter-output>
          </reporter-output>
        </test-method> <!-- setUp -->
        <test-method status="PASS" signature="googleTitleTest()[pri:0, instance:com.test.GoogleTitleTest@5700d6b1]" name="googleTitleTest" duration-ms="9" started-at="2022-05-20T16:19:41 CDT" finished-at="2022-05-20T16:19:41 CDT">
          <reporter-output>
          </reporter-output>
        </test-method> <!-- googleTitleTest -->
        <test-method status="PASS" signature="tearDown()[pri:0, instance:com.test.GoogleTitleTest@5700d6b1]" name="tearDown" is-config="true" duration-ms="71" started-at="2022-05-20T16:19:41 CDT" finished-at="2022-05-20T16:19:41 CDT">
          <reporter-output>
          </reporter-output>
        </test-method> <!-- tearDown -->
        <test-method status="PASS" signature="setUp()[pri:0, instance:com.test.GoogleTitleTest@5700d6b1]" name="setUp" is-config="true" duration-ms="1777" started-at="2022-05-20T16:19:41 CDT" finished-at="2022-05-20T16:19:43 CDT">
          <reporter-output>
          </reporter-output>
        </test-method> <!-- setUp -->
        <test-method status="PASS" signature="googleLogoTest()[pri:2, instance:com.test.GoogleTitleTest@5700d6b1]" name="googleLogoTest" duration-ms="120" started-at="2022-05-20T16:19:43 CDT" finished-at="2022-05-20T16:19:43 CDT">
          <reporter-output>
          </reporter-output>
        </test-method> <!-- googleLogoTest -->
        <test-method status="PASS" signature="tearDown()[pri:0, instance:com.test.GoogleTitleTest@5700d6b1]" name="tearDown" is-config="true" duration-ms="72" started-at="2022-05-20T16:19:43 CDT" finished-at="2022-05-20T16:19:43 CDT">
          <reporter-output>
          </reporter-output>
        </test-method> <!-- tearDown -->
      </class> <!-- com.test.GoogleTitleTest -->
      <class name="com.test.TestNGFeatures">
        <test-method status="PASS" signature="loginTest()[pri:0, instance:com.test.TestNGFeatures@5cb9f472]" name="loginTest" duration-ms="0" started-at="2022-05-20T16:19:43 CDT" finished-at="2022-05-20T16:19:43 CDT">
          <reporter-output>
          </reporter-output>
        </test-method> <!-- loginTest -->
        <test-method status="PASS" signature="homePageTest()[pri:0, instance:com.test.TestNGFeatures@5cb9f472]" name="homePageTest" duration-ms="1" started-at="2022-05-20T16:19:43 CDT" depends-on-methods="com.test.TestNGFeatures.loginTest" finished-at="2022-05-20T16:19:43 CDT">
          <reporter-output>
          </reporter-output>
        </test-method> <!-- homePageTest -->
      </class> <!-- com.test.TestNGFeatures -->
      <class name="com.test.InvocationCountTest">
        <test-method status="PASS" signature="sum()[pri:0, instance:com.test.InvocationCountTest@5bcab519]" name="sum" duration-ms="0" started-at="2022-05-20T16:19:43 CDT" finished-at="2022-05-20T16:19:43 CDT">
          <reporter-output>
          </reporter-output>
        </test-method> <!-- sum -->
        <test-method status="PASS" signature="sum()[pri:0, instance:com.test.InvocationCountTest@5bcab519]" name="sum" duration-ms="0" started-at="2022-05-20T16:19:43 CDT" finished-at="2022-05-20T16:19:43 CDT">
          <reporter-output>
          </reporter-output>
        </test-method> <!-- sum -->
        <test-method status="PASS" signature="sum()[pri:0, instance:com.test.InvocationCountTest@5bcab519]" name="sum" duration-ms="0" started-at="2022-05-20T16:19:43 CDT" finished-at="2022-05-20T16:19:43 CDT">
          <reporter-output>
          </reporter-output>
        </test-method> <!-- sum -->
        <test-method status="PASS" signature="sum()[pri:0, instance:com.test.InvocationCountTest@5bcab519]" name="sum" duration-ms="0" started-at="2022-05-20T16:19:43 CDT" finished-at="2022-05-20T16:19:43 CDT">
          <reporter-output>
          </reporter-output>
        </test-method> <!-- sum -->
        <test-method status="PASS" signature="sum()[pri:0, instance:com.test.InvocationCountTest@5bcab519]" name="sum" duration-ms="0" started-at="2022-05-20T16:19:43 CDT" finished-at="2022-05-20T16:19:43 CDT">
          <reporter-output>
          </reporter-output>
        </test-method> <!-- sum -->
        <test-method status="PASS" signature="sum()[pri:0, instance:com.test.InvocationCountTest@5bcab519]" name="sum" duration-ms="0" started-at="2022-05-20T16:19:43 CDT" finished-at="2022-05-20T16:19:43 CDT">
          <reporter-output>
          </reporter-output>
        </test-method> <!-- sum -->
        <test-method status="PASS" signature="sum()[pri:0, instance:com.test.InvocationCountTest@5bcab519]" name="sum" duration-ms="0" started-at="2022-05-20T16:19:43 CDT" finished-at="2022-05-20T16:19:43 CDT">
          <reporter-output>
          </reporter-output>
        </test-method> <!-- sum -->
        <test-method status="PASS" signature="sum()[pri:0, instance:com.test.InvocationCountTest@5bcab519]" name="sum" duration-ms="0" started-at="2022-05-20T16:19:43 CDT" finished-at="2022-05-20T16:19:43 CDT">
          <reporter-output>
          </reporter-output>
        </test-method> <!-- sum -->
        <test-method status="PASS" signature="sum()[pri:0, instance:com.test.InvocationCountTest@5bcab519]" name="sum" duration-ms="0" started-at="2022-05-20T16:19:43 CDT" finished-at="2022-05-20T16:19:43 CDT">
          <reporter-output>
          </reporter-output>
        </test-method> <!-- sum -->
        <test-method status="PASS" signature="sum()[pri:0, instance:com.test.InvocationCountTest@5bcab519]" name="sum" duration-ms="0" started-at="2022-05-20T16:19:43 CDT" finished-at="2022-05-20T16:19:43 CDT">
          <reporter-output>
          </reporter-output>
        </test-method> <!-- sum -->
      </class> <!-- com.test.InvocationCountTest -->
      <class name="com.test.ExceptionTimeOutTest">
        <test-method status="PASS" signature="test1()[pri:0, instance:com.test.ExceptionTimeOutTest@6fd02e5]" name="test1" duration-ms="1" started-at="2022-05-20T16:19:43 CDT" finished-at="2022-05-20T16:19:43 CDT">
          <exception class="java.lang.NumberFormatException">
            <message>
              <![CDATA[For input string: "100A"]]>
            </message>
            <full-stacktrace>
              <![CDATA[java.lang.NumberFormatException: For input string: "100A"
at java.lang.NumberFormatException.forInputString(NumberFormatException.java:65)
at java.lang.Integer.parseInt(Integer.java:580)
at java.lang.Integer.parseInt(Integer.java:615)
at com.test.ExceptionTimeOutTest.test1(ExceptionTimeOutTest.java:17)
at sun.reflect.NativeMethodAccessorImpl.invoke0(Native Method)
at sun.reflect.NativeMethodAccessorImpl.invoke(NativeMethodAccessorImpl.java:62)
at sun.reflect.DelegatingMethodAccessorImpl.invoke(DelegatingMethodAccessorImpl.java:43)
at java.lang.reflect.Method.invoke(Method.java:498)
at org.testng.internal.MethodInvocationHelper.invokeMethod(MethodInvocationHelper.java:133)
at org.testng.internal.TestInvoker.invokeMethod(TestInvoker.java:598)
at org.testng.internal.TestInvoker.invokeTestMethod(TestInvoker.java:173)
at org.testng.internal.MethodRunner.runInSequence(MethodRunner.java:46)
at org.testng.internal.TestInvoker$MethodInvocationAgent.invoke(TestInvoker.java:824)
at org.testng.internal.TestInvoker.invokeTestMethods(TestInvoker.java:146)
at org.testng.internal.TestMethodWorker.invokeTestMethods(TestMethodWorker.java:146)
at org.testng.internal.TestMethodWorker.run(TestMethodWorker.java:128)
at java.util.ArrayList.forEach(ArrayList.java:1257)
at org.testng.TestRunner.privateRun(TestRunner.java:794)
at org.testng.TestRunner.run(TestRunner.java:596)
at org.testng.SuiteRunner.runTest(SuiteRunner.java:377)
at org.testng.SuiteRunner.runSequentially(SuiteRunner.java:371)
at org.testng.SuiteRunner.privateRun(SuiteRunner.java:332)
at org.testng.SuiteRunner.run(SuiteRunner.java:276)
at org.testng.SuiteRunnerWorker.runSuite(SuiteRunnerWorker.java:53)
at org.testng.SuiteRunnerWorker.run(SuiteRunnerWorker.java:96)
at org.testng.TestNG.runSuitesSequentially(TestNG.java:1212)
at org.testng.TestNG.runSuitesLocally(TestNG.java:1134)
at org.testng.TestNG.runSuites(TestNG.java:1063)
at org.testng.TestNG.run(TestNG.java:1031)
at org.apache.maven.surefire.testng.TestNGExecutor.run(TestNGExecutor.java:283)
at org.apache.maven.surefire.testng.TestNGXmlTestSuite.execute(TestNGXmlTestSuite.java:75)
at org.apache.maven.surefire.testng.TestNGProvider.invoke(TestNGProvider.java:120)
at org.apache.maven.surefire.booter.ForkedBooter.invokeProviderInSameClassLoader(ForkedBooter.java:383)
at org.apache.maven.surefire.booter.ForkedBooter.runSuitesInProcess(ForkedBooter.java:344)
at org.apache.maven.surefire.booter.ForkedBooter.execute(ForkedBooter.java:125)
at org.apache.maven.surefire.booter.ForkedBooter.main(ForkedBooter.java:417)
]]>
            </full-stacktrace>
          </exception> <!-- java.lang.NumberFormatException -->
          <reporter-output>
          </reporter-output>
        </test-method> <!-- test1 -->
      </class> <!-- com.test.ExceptionTimeOutTest -->
    </test> <!-- Test Basics 1 -->
  </suite> <!-- TestNG Test Automation Suite -->
</testng-results>
