<?xml version="1.0" encoding="UTF-8"?>
<!-- Generated by org.testng.reporters.JUnitXMLReporter -->
<testsuite hostname="hazel" ignored="0" name="Test Basics 1" tests="23" failures="0" timestamp="2022-05-20T16:19:43 CDT" time="16.408" errors="0">
  <testcase name="googleTitleTest" time="0.008" classname="com.test.GoogleTest"/>
  <testcase name="googleLogoTest" time="0.07" classname="com.test.GoogleTest"/>
  <testcase name="mailLinkTest" time="0.047" classname="com.test.GoogleTest"/>
  <testcase name="test1" time="0.0" classname="com.test.GoogleTest"/>
  <testcase name="test2" time="0.0" classname="com.test.GoogleTest"/>
  <testcase name="test3" time="0.001" classname="com.test.GoogleTest"/>
  <testcase name="googleTitleTest" time="0.009" classname="com.test.GoogleTitleTest"/>
  <testcase name="googleLogoTest" time="0.12" classname="com.test.GoogleTitleTest"/>
  <testcase name="test1" time="0.001" classname="com.test.ExceptionTimeOutTest"/>
  <testcase name="sum" time="0.0" classname="com.test.InvocationCountTest"/>
  <testcase name="sum" time="0.0" classname="com.test.InvocationCountTest"/>
  <testcase name="sum" time="0.0" classname="com.test.InvocationCountTest"/>
  <testcase name="sum" time="0.0" classname="com.test.InvocationCountTest"/>
  <testcase name="sum" time="0.0" classname="com.test.InvocationCountTest"/>
  <testcase name="sum" time="0.0" classname="com.test.InvocationCountTest"/>
  <testcase name="sum" time="0.0" classname="com.test.InvocationCountTest"/>
  <testcase name="sum" time="0.0" classname="com.test.InvocationCountTest"/>
  <testcase name="sum" time="0.0" classname="com.test.InvocationCountTest"/>
  <testcase name="sum" time="0.0" classname="com.test.InvocationCountTest"/>
  <testcase name="googleTitleTest" time="0.0" classname="com.test.TestNGBasics"/>
  <testcase name="searchTest" time="0.001" classname="com.test.TestNGBasics"/>
  <testcase name="loginTest" time="0.0" classname="com.test.TestNGFeatures"/>
  <testcase name="homePageTest" time="0.001" classname="com.test.TestNGFeatures"/>
</testsuite> <!-- Test Basics 1 -->
