<?xml version="1.0" encoding="UTF-8"?>
<!-- Generated by org.testng.reporters.JUnitXMLReporter -->
<testsuite ignored="0" hostname="hazel" failures="0" tests="23" name="Test Basics 1" time="14.222" errors="0" timestamp="2022-05-19T16:12:52 CDT">
  <testcase classname="com.test.GoogleTest" name="googleTitleTest" time="0.011"/>
  <testcase classname="com.test.GoogleTest" name="googleLogoTest" time="0.046"/>
  <testcase classname="com.test.GoogleTest" name="mailLinkTest" time="0.041"/>
  <testcase classname="com.test.GoogleTest" name="test1" time="0.001"/>
  <testcase classname="com.test.GoogleTest" name="test2" time="0.001"/>
  <testcase classname="com.test.GoogleTest" name="test3" time="0.0"/>
  <testcase classname="com.test.GoogleTitleTest" name="googleTitleTest" time="0.011"/>
  <testcase classname="com.test.GoogleTitleTest" name="googleLogoTest" time="0.04"/>
  <testcase classname="com.test.ExceptionTimeOutTest" name="test1" time="0.001"/>
  <testcase classname="com.test.InvocationCountTest" name="sum" time="0.006"/>
  <testcase classname="com.test.InvocationCountTest" name="sum" time="0.001"/>
  <testcase classname="com.test.InvocationCountTest" name="sum" time="0.001"/>
  <testcase classname="com.test.InvocationCountTest" name="sum" time="0.0"/>
  <testcase classname="com.test.InvocationCountTest" name="sum" time="0.001"/>
  <testcase classname="com.test.InvocationCountTest" name="sum" time="0.001"/>
  <testcase classname="com.test.InvocationCountTest" name="sum" time="0.001"/>
  <testcase classname="com.test.InvocationCountTest" name="sum" time="0.0"/>
  <testcase classname="com.test.InvocationCountTest" name="sum" time="0.0"/>
  <testcase classname="com.test.InvocationCountTest" name="sum" time="0.001"/>
  <testcase classname="com.test.TestNGBasics" name="googleTitleTest" time="0.001"/>
  <testcase classname="com.test.TestNGBasics" name="searchTest" time="0.001"/>
  <testcase classname="com.test.TestNGFeatures" name="loginTest" time="0.0"/>
  <testcase classname="com.test.TestNGFeatures" name="homePageTest" time="0.001"/>
</testsuite> <!-- Test Basics 1 -->
